<?xml version="1.0" encoding="UTF-8"?>
<!-- Generated by org.testng.reporters.JUnitXMLReporter -->
<testsuite hostname="PTS-LDR-KARTHAB" ignored="0" name="Default test" tests="12" failures="0" timestamp="23 Jan 2019 09:05:21 GMT" time="12.915" errors="0">
  <testcase name="validateGetStatusCode" time="3.715" classname="com.qa.test.GetTest"/>
  <testcase name="validateGetStatusCode" time="0.233" classname="com.qa.test.GetTest"/>
  <testcase name="validateGetStatusCode" time="0.269" classname="com.qa.test.GetTest"/>
  <testcase name="validateGetHeader" time="0.939" classname="com.qa.test.GetTest"/>
  <testcase name="validateGetHeader" time="0.281" classname="com.qa.test.GetTest"/>
  <testcase name="validateGetHeader" time="0.213" classname="com.qa.test.GetTest"/>
  <testcase name="validateUserName" time="0.317" classname="com.qa.test.GetTest"/>
  <testcase name="validateUserName" time="0.252" classname="com.qa.test.GetTest"/>
  <testcase name="validateUserName" time="0.345" classname="com.qa.test.GetTest"/>
  <testcase name="validateSort" time="0.955" classname="com.qa.test.GetTest"/>
  <testcase name="validateSort" time="1.084" classname="com.qa.test.GetTest"/>
  <testcase name="validateSort" time="1.795" classname="com.qa.test.GetTest"/>
</testsuite> <!-- Default test -->
