<?xml version="1.0" encoding="UTF-8"?>
<testng-results skipped="0" failed="0" ignored="0" total="1" passed="1">
  <reporter-output>
  </reporter-output>
  <suite name="Default suite" duration-ms="5858" started-at="2019-01-22T05:48:13Z" finished-at="2019-01-22T05:48:19Z">
    <groups>
    </groups>
    <test name="Default test" duration-ms="5858" started-at="2019-01-22T05:48:13Z" finished-at="2019-01-22T05:48:19Z">
      <class name="com.qa.test.GetTest">
        <test-method status="PASS" signature="setup()[pri:0, instance:com.qa.test.GetTest@26be92ad]" name="setup" is-config="true" duration-ms="10" started-at="2019-01-22T05:48:15Z" finished-at="2019-01-22T05:48:15Z">
          <reporter-output>
          </reporter-output>
        </test-method> <!-- setup -->
        <test-method status="PASS" signature="ValidateJSONResponse(java.lang.String, java.lang.String, java.lang.String, java.lang.String, java.lang.String, java.lang.String)[pri:3, instance:com.qa.test.GetTest@26be92ad]" name="ValidateJSONResponse" duration-ms="4219" started-at="2019-01-22T05:48:15Z" data-provider="JSONData" finished-at="2019-01-22T05:48:19Z">
          <params>
            <param index="0">
              <value>
                <![CDATA[?q=api+language:java]]>
              </value>
            </param>
            <param index="1">
              <value>
                <![CDATA[91554]]>
              </value>
            </param>
            <param index="2">
              <value>
                <![CDATA[false]]>
              </value>
            </param>
            <param index="3">
              <value>
                <![CDATA[136794526]]>
              </value>
            </param>
            <param index="4">
              <value>
                <![CDATA[api]]>
              </value>
            </param>
            <param index="5">
              <value>
                <![CDATA[mtdhb]]>
              </value>
            </param>
          </params>
          <reporter-output>
          </reporter-output>
        </test-method> <!-- ValidateJSONResponse -->
      </class> <!-- com.qa.test.GetTest -->
    </test> <!-- Default test -->
  </suite> <!-- Default suite -->
</testng-results>
