<?xml version="1.0" encoding="UTF-8"?>
<testng-results skipped="0" failed="0" ignored="0" total="12" passed="12">
  <reporter-output>
  </reporter-output>
  <suite name="Default suite" duration-ms="12915" started-at="2019-01-23T09:05:08Z" finished-at="2019-01-23T09:05:21Z">
    <groups>
    </groups>
    <test name="Default test" duration-ms="12915" started-at="2019-01-23T09:05:08Z" finished-at="2019-01-23T09:05:21Z">
      <class name="com.qa.test.GetTest">
        <test-method status="PASS" signature="setup()[pri:0, instance:com.qa.test.GetTest@26be92ad]" name="setup" is-config="true" duration-ms="10" started-at="2019-01-23T09:05:09Z" finished-at="2019-01-23T09:05:09Z">
          <reporter-output>
          </reporter-output>
        </test-method> <!-- setup -->
        <test-method status="PASS" signature="validateGetStatusCode(java.lang.String, java.lang.String)[pri:1, instance:com.qa.test.GetTest@26be92ad]" name="validateGetStatusCode" duration-ms="3715" started-at="2019-01-23T09:05:09Z" data-provider="StatusCodes" finished-at="2019-01-23T09:05:13Z">
          <params>
            <param index="0">
              <value>
                <![CDATA[?q=api]]>
              </value>
            </param>
            <param index="1">
              <value>
                <![CDATA[200]]>
              </value>
            </param>
          </params>
          <reporter-output>
          </reporter-output>
        </test-method> <!-- validateGetStatusCode -->
        <test-method status="PASS" signature="setup()[pri:0, instance:com.qa.test.GetTest@26be92ad]" name="setup" is-config="true" duration-ms="1" started-at="2019-01-23T09:05:13Z" finished-at="2019-01-23T09:05:13Z">
          <reporter-output>
          </reporter-output>
        </test-method> <!-- setup -->
        <test-method status="PASS" signature="validateGetStatusCode(java.lang.String, java.lang.String)[pri:1, instance:com.qa.test.GetTest@26be92ad]" name="validateGetStatusCode" duration-ms="233" started-at="2019-01-23T09:05:13Z" data-provider="StatusCodes" finished-at="2019-01-23T09:05:13Z">
          <params>
            <param index="0">
              <value>
                <![CDATA[]]>
              </value>
            </param>
            <param index="1">
              <value>
                <![CDATA[422]]>
              </value>
            </param>
          </params>
          <reporter-output>
          </reporter-output>
        </test-method> <!-- validateGetStatusCode -->
        <test-method status="PASS" signature="setup()[pri:0, instance:com.qa.test.GetTest@26be92ad]" name="setup" is-config="true" duration-ms="10" started-at="2019-01-23T09:05:13Z" finished-at="2019-01-23T09:05:13Z">
          <reporter-output>
          </reporter-output>
        </test-method> <!-- setup -->
        <test-method status="PASS" signature="validateGetStatusCode(java.lang.String, java.lang.String)[pri:1, instance:com.qa.test.GetTest@26be92ad]" name="validateGetStatusCode" duration-ms="269" started-at="2019-01-23T09:05:13Z" data-provider="StatusCodes" finished-at="2019-01-23T09:05:13Z">
          <params>
            <param index="0">
              <value>
                <![CDATA[ss]]>
              </value>
            </param>
            <param index="1">
              <value>
                <![CDATA[404]]>
              </value>
            </param>
          </params>
          <reporter-output>
          </reporter-output>
        </test-method> <!-- validateGetStatusCode -->
        <test-method status="PASS" signature="setup()[pri:0, instance:com.qa.test.GetTest@26be92ad]" name="setup" is-config="true" duration-ms="1" started-at="2019-01-23T09:05:14Z" finished-at="2019-01-23T09:05:14Z">
          <reporter-output>
          </reporter-output>
        </test-method> <!-- setup -->
        <test-method status="PASS" signature="validateGetHeader(java.lang.String, java.lang.String, java.lang.String, java.lang.String, java.lang.String)[pri:2, instance:com.qa.test.GetTest@26be92ad]" name="validateGetHeader" duration-ms="939" started-at="2019-01-23T09:05:14Z" data-provider="HeaderValues" finished-at="2019-01-23T09:05:15Z">
          <params>
            <param index="0">
              <value>
                <![CDATA[?q=api]]>
              </value>
            </param>
            <param index="1">
              <value>
                <![CDATA[application/json; charset=utf-8]]>
              </value>
            </param>
            <param index="2">
              <value>
                <![CDATA[<https://api.github.com/search/repositories?q=api&page=2>; rel="next", <https://api.github.com/search/repositories?q=api&page=34>; rel="last"]]>
              </value>
            </param>
            <param index="3">
              <value>
                <![CDATA[200 OK]]>
              </value>
            </param>
            <param index="4">
              <value>
                <![CDATA[nosniff]]>
              </value>
            </param>
          </params>
          <reporter-output>
          </reporter-output>
        </test-method> <!-- validateGetHeader -->
        <test-method status="PASS" signature="setup()[pri:0, instance:com.qa.test.GetTest@26be92ad]" name="setup" is-config="true" duration-ms="5" started-at="2019-01-23T09:05:15Z" finished-at="2019-01-23T09:05:15Z">
          <reporter-output>
          </reporter-output>
        </test-method> <!-- setup -->
        <test-method status="PASS" signature="validateGetHeader(java.lang.String, java.lang.String, java.lang.String, java.lang.String, java.lang.String)[pri:2, instance:com.qa.test.GetTest@26be92ad]" name="validateGetHeader" duration-ms="281" started-at="2019-01-23T09:05:15Z" data-provider="HeaderValues" finished-at="2019-01-23T09:05:15Z">
          <params>
            <param index="0">
              <value>
                <![CDATA[]]>
              </value>
            </param>
            <param index="1">
              <value>
                <![CDATA[application/json; charset=utf-8]]>
              </value>
            </param>
            <param index="2">
              <value>
                <![CDATA[]]>
              </value>
            </param>
            <param index="3">
              <value>
                <![CDATA[422 Unprocessable Entity]]>
              </value>
            </param>
            <param index="4">
              <value>
                <![CDATA[nosniff]]>
              </value>
            </param>
          </params>
          <reporter-output>
          </reporter-output>
        </test-method> <!-- validateGetHeader -->
        <test-method status="PASS" signature="setup()[pri:0, instance:com.qa.test.GetTest@26be92ad]" name="setup" is-config="true" duration-ms="1" started-at="2019-01-23T09:05:15Z" finished-at="2019-01-23T09:05:15Z">
          <reporter-output>
          </reporter-output>
        </test-method> <!-- setup -->
        <test-method status="PASS" signature="validateGetHeader(java.lang.String, java.lang.String, java.lang.String, java.lang.String, java.lang.String)[pri:2, instance:com.qa.test.GetTest@26be92ad]" name="validateGetHeader" duration-ms="213" started-at="2019-01-23T09:05:15Z" data-provider="HeaderValues" finished-at="2019-01-23T09:05:15Z">
          <params>
            <param index="0">
              <value>
                <![CDATA[ss]]>
              </value>
            </param>
            <param index="1">
              <value>
                <![CDATA[application/json; charset=utf-8]]>
              </value>
            </param>
            <param index="2">
              <value>
                <![CDATA[]]>
              </value>
            </param>
            <param index="3">
              <value>
                <![CDATA[404 Not Found]]>
              </value>
            </param>
            <param index="4">
              <value>
                <![CDATA[nosniff]]>
              </value>
            </param>
          </params>
          <reporter-output>
          </reporter-output>
        </test-method> <!-- validateGetHeader -->
        <test-method status="PASS" signature="setup()[pri:0, instance:com.qa.test.GetTest@26be92ad]" name="setup" is-config="true" duration-ms="1" started-at="2019-01-23T09:05:16Z" finished-at="2019-01-23T09:05:16Z">
          <reporter-output>
          </reporter-output>
        </test-method> <!-- setup -->
        <test-method status="PASS" signature="validateUserName(java.lang.String, java.lang.String, java.lang.String, java.lang.String, java.lang.String, java.lang.String, java.lang.String)[pri:4, instance:com.qa.test.GetTest@26be92ad]" name="validateUserName" duration-ms="317" started-at="2019-01-23T09:05:16Z" data-provider="UserData" finished-at="2019-01-23T09:05:16Z">
          <params>
            <param index="0">
              <value>
                <![CDATA[?q=user:abishekk84]]>
              </value>
            </param>
            <param index="1">
              <value>
                <![CDATA[200]]>
              </value>
            </param>
            <param index="2">
              <value>
                <![CDATA[200 OK]]>
              </value>
            </param>
            <param index="3">
              <value>
                <![CDATA[1]]>
              </value>
            </param>
            <param index="4">
              <value>
                <![CDATA[]]>
              </value>
            </param>
            <param index="5">
              <value>
                <![CDATA[Abishekk84]]>
              </value>
            </param>
            <param index="6">
              <value>
                <![CDATA[User]]>
              </value>
            </param>
          </params>
          <reporter-output>
          </reporter-output>
        </test-method> <!-- validateUserName -->
        <test-method status="PASS" signature="setup()[pri:0, instance:com.qa.test.GetTest@26be92ad]" name="setup" is-config="true" duration-ms="2" started-at="2019-01-23T09:05:16Z" finished-at="2019-01-23T09:05:16Z">
          <reporter-output>
          </reporter-output>
        </test-method> <!-- setup -->
        <test-method status="PASS" signature="validateUserName(java.lang.String, java.lang.String, java.lang.String, java.lang.String, java.lang.String, java.lang.String, java.lang.String)[pri:4, instance:com.qa.test.GetTest@26be92ad]" name="validateUserName" duration-ms="252" started-at="2019-01-23T09:05:16Z" data-provider="UserData" finished-at="2019-01-23T09:05:16Z">
          <params>
            <param index="0">
              <value>
                <![CDATA[?q=user:123abc]]>
              </value>
            </param>
            <param index="1">
              <value>
                <![CDATA[422]]>
              </value>
            </param>
            <param index="2">
              <value>
                <![CDATA[422 Unprocessable Entity]]>
              </value>
            </param>
            <param index="3">
              <value>
                <![CDATA[]]>
              </value>
            </param>
            <param index="4">
              <value>
                <![CDATA[Validation Failed]]>
              </value>
            </param>
            <param index="5">
              <value>
                <![CDATA[]]>
              </value>
            </param>
            <param index="6">
              <value>
                <![CDATA[]]>
              </value>
            </param>
          </params>
          <reporter-output>
          </reporter-output>
        </test-method> <!-- validateUserName -->
        <test-method status="PASS" signature="setup()[pri:0, instance:com.qa.test.GetTest@26be92ad]" name="setup" is-config="true" duration-ms="1" started-at="2019-01-23T09:05:16Z" finished-at="2019-01-23T09:05:16Z">
          <reporter-output>
          </reporter-output>
        </test-method> <!-- setup -->
        <test-method status="PASS" signature="validateUserName(java.lang.String, java.lang.String, java.lang.String, java.lang.String, java.lang.String, java.lang.String, java.lang.String)[pri:4, instance:com.qa.test.GetTest@26be92ad]" name="validateUserName" duration-ms="345" started-at="2019-01-23T09:05:16Z" data-provider="UserData" finished-at="2019-01-23T09:05:16Z">
          <params>
            <param index="0">
              <value>
                <![CDATA[?q=user:123]]>
              </value>
            </param>
            <param index="1">
              <value>
                <![CDATA[200]]>
              </value>
            </param>
            <param index="2">
              <value>
                <![CDATA[200 OK]]>
              </value>
            </param>
            <param index="3">
              <value>
                <![CDATA[0]]>
              </value>
            </param>
            <param index="4">
              <value>
                <![CDATA[]]>
              </value>
            </param>
            <param index="5">
              <value>
                <![CDATA[]]>
              </value>
            </param>
            <param index="6">
              <value>
                <![CDATA[]]>
              </value>
            </param>
          </params>
          <reporter-output>
          </reporter-output>
        </test-method> <!-- validateUserName -->
        <test-method status="PASS" signature="setup()[pri:0, instance:com.qa.test.GetTest@26be92ad]" name="setup" is-config="true" duration-ms="4" started-at="2019-01-23T09:05:17Z" finished-at="2019-01-23T09:05:17Z">
          <reporter-output>
          </reporter-output>
        </test-method> <!-- setup -->
        <test-method status="PASS" signature="validateSort(java.lang.String, java.lang.String, java.lang.String)[pri:5, instance:com.qa.test.GetTest@26be92ad]" name="validateSort" duration-ms="955" started-at="2019-01-23T09:05:17Z" data-provider="sortData" finished-at="2019-01-23T09:05:18Z">
          <params>
            <param index="0">
              <value>
                <![CDATA[?q=api]]>
              </value>
            </param>
            <param index="1">
              <value>
                <![CDATA[]]>
              </value>
            </param>
            <param index="2">
              <value>
                <![CDATA[]]>
              </value>
            </param>
          </params>
          <reporter-output>
          </reporter-output>
        </test-method> <!-- validateSort -->
        <test-method status="PASS" signature="setup()[pri:0, instance:com.qa.test.GetTest@26be92ad]" name="setup" is-config="true" duration-ms="1" started-at="2019-01-23T09:05:18Z" finished-at="2019-01-23T09:05:18Z">
          <reporter-output>
          </reporter-output>
        </test-method> <!-- setup -->
        <test-method status="PASS" signature="validateSort(java.lang.String, java.lang.String, java.lang.String)[pri:5, instance:com.qa.test.GetTest@26be92ad]" name="validateSort" duration-ms="1084" started-at="2019-01-23T09:05:18Z" data-provider="sortData" finished-at="2019-01-23T09:05:19Z">
          <params>
            <param index="0">
              <value>
                <![CDATA[?q=api]]>
              </value>
            </param>
            <param index="1">
              <value>
                <![CDATA[stars]]>
              </value>
            </param>
            <param index="2">
              <value>
                <![CDATA[desc]]>
              </value>
            </param>
          </params>
          <reporter-output>
          </reporter-output>
        </test-method> <!-- validateSort -->
        <test-method status="PASS" signature="setup()[pri:0, instance:com.qa.test.GetTest@26be92ad]" name="setup" is-config="true" duration-ms="2" started-at="2019-01-23T09:05:19Z" finished-at="2019-01-23T09:05:19Z">
          <reporter-output>
          </reporter-output>
        </test-method> <!-- setup -->
        <test-method status="PASS" signature="validateSort(java.lang.String, java.lang.String, java.lang.String)[pri:5, instance:com.qa.test.GetTest@26be92ad]" name="validateSort" duration-ms="1795" started-at="2019-01-23T09:05:19Z" data-provider="sortData" finished-at="2019-01-23T09:05:21Z">
          <params>
            <param index="0">
              <value>
                <![CDATA[?q=api]]>
              </value>
            </param>
            <param index="1">
              <value>
                <![CDATA[stars]]>
              </value>
            </param>
            <param index="2">
              <value>
                <![CDATA[asc]]>
              </value>
            </param>
          </params>
          <reporter-output>
          </reporter-output>
        </test-method> <!-- validateSort -->
      </class> <!-- com.qa.test.GetTest -->
    </test> <!-- Default test -->
  </suite> <!-- Default suite -->
</testng-results>
